\BOOKMARK [1][-]{section.1}{\376\377\174\373\176\337\151\202\217\360}{}% 1
\BOOKMARK [2][-]{subsection.1.1}{\376\377\174\373\176\337\166\356\150\007}{section.1}% 2
\BOOKMARK [2][-]{subsection.1.2}{\376\377\150\070\137\303\122\237\200\375}{section.1}% 3
\BOOKMARK [1][-]{section.2}{\376\377\147\266\147\204\213\276\213\241}{}% 4
\BOOKMARK [2][-]{subsection.2.1}{\376\377\145\164\117\123\147\266\147\204}{section.2}% 5
\BOOKMARK [2][-]{subsection.2.2}{\376\377\142\200\147\057\150\010\220\011\142\351}{section.2}% 6
\BOOKMARK [3][-]{subsubsection.2.2.1}{\376\377\122\115\172\357\142\200\147\057\150\010}{subsection.2.2}% 7
\BOOKMARK [3][-]{subsubsection.2.2.2}{\376\377\124\016\172\357\142\200\147\057\150\010}{subsection.2.2}% 8
\BOOKMARK [3][-]{subsubsection.2.2.3}{\376\377\145\160\143\156\136\223\142\200\147\057}{subsection.2.2}% 9
\BOOKMARK [1][-]{section.3}{\376\377\213\346\176\306\213\276\213\241}{}% 10
\BOOKMARK [2][-]{subsection.3.1}{\376\377\122\115\172\357\134\102\213\276\213\241}{section.3}% 11
\BOOKMARK [3][-]{subsubsection.3.1.1}{\376\377\152\041\127\127\122\022\122\006}{subsection.3.1}% 12
\BOOKMARK [3][-]{subsubsection.3.1.2}{\376\377\121\163\225\056\213\276\213\241\121\263\173\126}{subsection.3.1}% 13
\BOOKMARK [2][-]{subsection.3.2}{\376\377\124\016\172\357\134\102\213\276\213\241}{section.3}% 14
\BOOKMARK [3][-]{subsubsection.3.2.1}{\376\377\152\041\127\127\176\323\147\204}{subsection.3.2}% 15
\BOOKMARK [3][-]{subsubsection.3.2.2}{\376\377\121\163\225\056\213\276\213\241\121\263\173\126}{subsection.3.2}% 16
\BOOKMARK [2][-]{subsection.3.3}{\376\377\145\160\143\156\134\102\213\276\213\241}{section.3}% 17
\BOOKMARK [3][-]{subsubsection.3.3.1}{\376\377\145\160\143\156\136\223\210\150\176\323\147\204}{subsection.3.3}% 18
\BOOKMARK [3][-]{subsubsection.3.3.2}{\376\377\121\163\225\056\213\276\213\241\121\263\173\126}{subsection.3.3}% 19
\BOOKMARK [1][-]{section.4}{\376\377\133\211\121\150\213\276\213\241}{}% 20
\BOOKMARK [2][-]{subsection.4.1}{\376\377\213\244\213\301\116\016\143\210\147\103}{section.4}% 21
\BOOKMARK [3][-]{subsubsection.4.1.1}{\376\377\000J\000W\000T\000\040\000T\000o\000k\000e\000n\213\244\213\301\147\072\122\066}{subsection.4.1}% 22
\BOOKMARK [3][-]{subsubsection.4.1.2}{\376\377\133\306\170\001\133\211\121\150\173\126\165\145}{subsection.4.1}% 23
\BOOKMARK [2][-]{subsection.4.2}{\376\377\145\160\143\156\133\211\121\150}{section.4}% 24
\BOOKMARK [3][-]{subsubsection.4.2.1}{\376\377\226\062\154\350\121\145\145\073\121\373}{subsection.4.2}% 25
\BOOKMARK [1][-]{section.5}{\376\377\140\047\200\375\117\030\123\026}{}% 26
\BOOKMARK [2][-]{subsection.5.1}{\376\377\122\115\172\357\117\030\123\026\173\126\165\145}{section.5}% 27
\BOOKMARK [3][-]{subsubsection.5.1.1}{\376\377\215\104\156\220\117\030\123\026}{subsection.5.1}% 28
\BOOKMARK [2][-]{subsection.5.2}{\376\377\124\016\172\357\117\030\123\026\173\126\165\145}{section.5}% 29
\BOOKMARK [3][-]{subsubsection.5.2.1}{\376\377\145\160\143\156\136\223\117\030\123\026}{subsection.5.2}% 30
\BOOKMARK [1][-]{section.6}{\376\377\142\151\134\125\140\047\200\003\206\121}{}% 31
\BOOKMARK [2][-]{subsection.6.1}{\376\377\174\373\176\337\123\357\142\151\134\125\140\047}{section.6}% 32
\BOOKMARK [3][-]{subsubsection.6.1.1}{\376\377\154\064\136\163\142\151\134\125}{subsection.6.1}% 33
\BOOKMARK [3][-]{subsubsection.6.1.2}{\376\377\122\237\200\375\142\151\134\125}{subsection.6.1}% 34
\BOOKMARK [1][-]{section.7}{\376\377\220\350\177\162\145\271\150\110}{}% 35
\BOOKMARK [2][-]{subsection.7.1}{\376\377\163\257\130\203\211\201\154\102}{section.7}% 36
\BOOKMARK [3][-]{subsubsection.7.1.1}{\376\377\137\000\123\321\163\257\130\203}{subsection.7.1}% 37
\BOOKMARK [3][-]{subsubsection.7.1.2}{\376\377\165\037\116\247\163\257\130\203}{subsection.7.1}% 38
\BOOKMARK [2][-]{subsection.7.2}{\376\377\220\350\177\162\153\145\232\244}{section.7}% 39
\BOOKMARK [3][-]{subsubsection.7.2.1}{\376\377\145\160\143\156\136\223\122\035\131\313\123\026}{subsection.7.2}% 40
\BOOKMARK [3][-]{subsubsection.7.2.2}{\376\377\124\016\172\357\147\015\122\241\220\350\177\162}{subsection.7.2}% 41
\BOOKMARK [3][-]{subsubsection.7.2.3}{\376\377\122\115\172\357\215\104\156\220\220\350\177\162}{subsection.7.2}% 42
\BOOKMARK [3][-]{subsubsection.7.2.4}{\376\377\000N\000g\000i\000n\000x\221\115\177\156}{subsection.7.2}% 43
\BOOKMARK [1][-]{section.8}{\376\377\140\073\176\323}{}% 44
\BOOKMARK [2][-]{subsection.8.1}{\376\377\147\266\147\204\117\030\122\277}{section.8}% 45
\BOOKMARK [2][-]{subsection.8.2}{\376\377\213\276\213\241\123\237\122\031}{section.8}% 46
