\BOOKMARK [1][-]{section.1}{\376\377\151\202\217\360}{}% 1
\BOOKMARK [1][-]{section.2}{\376\377\174\373\176\337\220\350\177\162\147\266\147\204\151\202\217\360}{}% 2
\BOOKMARK [2][-]{subsection.2.1}{\376\377\147\266\147\204\117\030\122\277}{section.2}% 3
\BOOKMARK [1][-]{section.3}{\376\377\221\115\177\156\173\241\164\006\116\016\162\110\147\054\143\247\122\066}{}% 4
\BOOKMARK [2][-]{subsection.3.1}{\376\377\156\220\170\001\142\130\173\241}{section.3}% 5
\BOOKMARK [2][-]{subsection.3.2}{\376\377\221\115\177\156\145\207\116\366\173\241\164\006}{section.3}% 6
\BOOKMARK [2][-]{subsection.3.3}{\376\377\206\132\142\337\163\257\130\203}{section.3}% 7
\BOOKMARK [2][-]{subsection.3.4}{\376\377\162\110\147\054\143\247\122\066\173\126\165\145}{section.3}% 8
\BOOKMARK [3][-]{subsubsection.3.4.1}{\376\377\122\006\145\057\173\241\164\006}{subsection.3.4}% 9
\BOOKMARK [3][-]{subsubsection.3.4.2}{\376\377\143\320\116\244\211\304\203\003}{subsection.3.4}% 10
\BOOKMARK [1][-]{section.4}{\376\377\143\001\176\355\226\306\142\020\116\016\155\113\213\325\155\101\172\013}{}% 11
\BOOKMARK [2][-]{subsection.4.1}{\376\377\137\000\123\321\155\101\172\013}{section.4}% 12
\BOOKMARK [2][-]{subsection.4.2}{\376\377\155\113\213\325\173\126\165\145}{section.4}% 13
\BOOKMARK [2][-]{subsection.4.3}{\376\377\220\350\177\162\155\101\172\013}{section.4}% 14
\BOOKMARK [2][-]{subsection.4.4}{\376\377\201\352\122\250\123\026\142\151\134\125}{section.4}% 15
\BOOKMARK [1][-]{section.5}{\376\377\220\350\177\162\213\241\122\022\116\016\145\271\137\017}{}% 16
\BOOKMARK [2][-]{subsection.5.1}{\376\377\000W\000e\000b\147\015\122\241\126\150\221\115\177\156}{section.5}% 17
\BOOKMARK [2][-]{subsection.5.2}{\376\377\227\131\140\001\215\104\156\220\173\241\164\006}{section.5}% 18
\BOOKMARK [2][-]{subsection.5.3}{\376\377\145\160\143\156\136\223\221\115\177\156}{section.5}% 19
\BOOKMARK [2][-]{subsection.5.4}{\376\377\220\350\177\162\230\221\163\207\116\016\173\126\165\145}{section.5}% 20
\BOOKMARK [2][-]{subsection.5.5}{\376\377\150\007\121\306\123\026\220\350\177\162\155\101\172\013}{section.5}% 21
\BOOKMARK [3][-]{subsubsection.5.5.1}{\376\377\220\350\177\162\122\115\150\300\147\345}{subsection.5.5}% 22
\BOOKMARK [3][-]{subsubsection.5.5.2}{\376\377\220\350\177\162\153\145\232\244}{subsection.5.5}% 23
\BOOKMARK [3][-]{subsubsection.5.5.3}{\376\377\220\350\177\162\124\016\232\214\213\301}{subsection.5.5}% 24
\BOOKMARK [1][-]{section.6}{\376\377\217\320\210\114\136\070\211\301\225\356\230\230\116\016\211\343\121\263\145\271\150\110}{}% 25
\BOOKMARK [2][-]{subsection.6.1}{\376\377\136\070\211\301\225\356\230\230\154\107\140\073}{section.6}% 26
\BOOKMARK [2][-]{subsection.6.2}{\376\377\145\105\226\234\143\222\147\345\153\145\232\244}{section.6}% 27
\BOOKMARK [3][-]{subsubsection.6.2.1}{\376\377\147\015\122\241\145\340\154\325\124\057\122\250}{subsection.6.2}% 28
\BOOKMARK [3][-]{subsubsection.6.2.2}{\376\377\140\047\200\375\225\356\230\230\213\312\145\255}{subsection.6.2}% 29
\BOOKMARK [3][-]{subsubsection.6.2.3}{\376\377\145\160\143\156\116\042\131\061\225\356\230\230}{subsection.6.2}% 30
\BOOKMARK [1][-]{section.7}{\376\377\124\016\176\355\217\320\176\364\213\241\122\022}{}% 31
\BOOKMARK [2][-]{subsection.7.1}{\376\377\217\320\176\364\230\171\166\356\211\304\122\022}{section.7}% 32
\BOOKMARK [2][-]{subsection.7.2}{\376\377\166\321\143\247\116\016\124\112\213\146}{section.7}% 33
\BOOKMARK [3][-]{subsubsection.7.2.1}{\376\377\174\373\176\337\166\321\143\247\143\007\150\007}{subsection.7.2}% 34
\BOOKMARK [3][-]{subsubsection.7.2.2}{\376\377\124\112\213\146\173\126\165\145}{subsection.7.2}% 35
\BOOKMARK [2][-]{subsection.7.3}{\376\377\145\160\143\156\173\241\164\006}{section.7}% 36
\BOOKMARK [3][-]{subsubsection.7.3.1}{\376\377\131\007\116\375\173\126\165\145}{subsection.7.3}% 37
\BOOKMARK [3][-]{subsubsection.7.3.2}{\376\377\145\160\143\156\140\142\131\015}{subsection.7.3}% 38
\BOOKMARK [2][-]{subsection.7.4}{\376\377\133\211\121\150\176\364\142\244}{section.7}% 39
\BOOKMARK [3][-]{subsubsection.7.4.1}{\376\377\133\211\121\150\150\300\147\345\156\005\123\125}{subsection.7.4}% 40
\BOOKMARK [3][-]{subsubsection.7.4.2}{\376\377\133\211\121\150\116\213\116\366\124\315\136\224}{subsection.7.4}% 41
\BOOKMARK [2][-]{subsection.7.5}{\376\377\140\047\200\375\117\030\123\026}{section.7}% 42
\BOOKMARK [3][-]{subsubsection.7.5.1}{\376\377\117\030\123\026\145\271\124\021}{subsection.7.5}% 43
\BOOKMARK [3][-]{subsubsection.7.5.2}{\376\377\140\047\200\375\213\304\117\060}{subsection.7.5}% 44
\BOOKMARK [1][-]{section.8}{\376\377\140\073\176\323}{}% 45
