\BOOKMARK [1][-]{section.1}{\376\377\174\373\176\337\151\202\217\360}{}% 1
\BOOKMARK [2][-]{subsection.1.1}{\376\377\136\372\152\041\166\356\166\204}{section.1}% 2
\BOOKMARK [1][-]{section.2}{\376\377\174\173\126\376\377\010\000U\000M\000L\377\011}{}% 3
\BOOKMARK [2][-]{subsection.2.1}{\376\377\174\173\126\376\151\202\217\360}{section.2}% 4
\BOOKMARK [2][-]{subsection.2.2}{\376\377\150\070\137\303\174\173\213\364\146\016}{section.2}% 5
\BOOKMARK [3][-]{subsubsection.2.2.1}{\376\377\000U\000s\000e\000r\174\173\377\010\165\050\142\067\174\173\377\011}{subsection.2.2}% 6
\BOOKMARK [3][-]{subsubsection.2.2.2}{\376\377\000T\000a\000s\000k\174\173\377\010\116\373\122\241\174\173\377\011}{subsection.2.2}% 7
\BOOKMARK [3][-]{subsubsection.2.2.3}{\376\377\000A\000c\000c\000o\000u\000n\000t\000i\000n\000g\000C\000a\000t\000e\000g\000o\000r\000y\174\173\377\010\213\260\215\046\122\006\174\173\174\173\377\011}{subsection.2.2}% 8
\BOOKMARK [3][-]{subsubsection.2.2.4}{\376\377\000A\000c\000c\000o\000u\000n\000t\000i\000n\000g\000R\000e\000c\000o\000r\000d\174\173\377\010\213\260\215\046\213\260\137\125\174\173\377\011}{subsection.2.2}% 9
\BOOKMARK [3][-]{subsubsection.2.2.5}{\376\377\000H\000a\000n\000d\000b\000o\000o\000k\174\173\377\010\142\113\215\046\174\173\377\011}{subsection.2.2}% 10
\BOOKMARK [2][-]{subsection.2.3}{\376\377\174\173\116\113\225\364\166\204\121\163\174\373}{section.2}% 11
\BOOKMARK [1][-]{section.3}{\376\377\230\172\136\217\126\376\377\010\000U\000M\000L\377\011}{}% 12
\BOOKMARK [2][-]{subsection.3.1}{\376\377\165\050\142\067\166\173\137\125\155\101\172\013}{section.3}% 13
\BOOKMARK [2][-]{subsection.3.2}{\376\377\215\042\122\241\173\241\164\006\155\101\172\013}{section.3}% 14
\BOOKMARK [3][-]{subsubsection.3.2.1}{\376\377\213\260\215\046\122\006\174\173\173\241\164\006}{subsection.3.2}% 15
\BOOKMARK [3][-]{subsubsection.3.2.2}{\376\377\213\260\215\046\213\260\137\125\173\241\164\006}{subsection.3.2}% 16
\BOOKMARK [3][-]{subsubsection.3.2.3}{\376\377\215\046\122\241\176\337\213\241\122\006\147\220}{subsection.3.2}% 17
\BOOKMARK [2][-]{subsection.3.3}{\376\377\142\113\215\046\122\033\136\372\155\101\172\013}{section.3}% 18
\BOOKMARK [2][-]{subsection.3.4}{\376\377\116\373\122\241\162\266\140\001\146\364\145\260}{section.3}% 19
\BOOKMARK [1][-]{section.4}{\376\377\165\050\117\213\126\376\377\010\000U\000M\000L\377\011}{}% 20
\BOOKMARK [2][-]{subsection.4.1}{\376\377\116\073\211\201\165\050\117\213\213\364\146\016}{section.4}% 21
\BOOKMARK [3][-]{subsubsection.4.1.1}{\376\377\165\050\142\067\173\241\164\006\165\050\117\213}{subsection.4.1}% 22
\BOOKMARK [3][-]{subsubsection.4.1.2}{\376\377\116\373\122\241\173\241\164\006\165\050\117\213}{subsection.4.1}% 23
\BOOKMARK [3][-]{subsubsection.4.1.3}{\376\377\213\260\215\046\173\241\164\006\165\050\117\213}{subsection.4.1}% 24
\BOOKMARK [3][-]{subsubsection.4.1.4}{\376\377\142\113\215\046\173\241\164\006\165\050\117\213}{subsection.4.1}% 25
\BOOKMARK [2][-]{subsection.4.2}{\376\377\165\050\117\213\121\163\174\373}{section.4}% 26
\BOOKMARK [1][-]{section.5}{\376\377\155\073\122\250\126\376\377\010\000U\000M\000L\377\011}{}% 27
\BOOKMARK [2][-]{subsection.5.1}{\376\377\155\073\122\250\155\101\172\013\122\006\211\343}{section.5}% 28
\BOOKMARK [3][-]{subsubsection.5.1.1}{\376\377\153\145\232\244\0001\377\032\165\050\142\067\213\277\225\356\174\373\176\337}{subsection.5.1}% 29
\BOOKMARK [3][-]{subsubsection.5.1.2}{\376\377\153\145\232\244\0002\377\032\166\173\137\125\232\214\213\301}{subsection.5.1}% 30
\BOOKMARK [3][-]{subsubsection.5.1.3}{\376\377\153\145\232\244\0003\377\032\116\073\230\165\227\142\122\237\200\375\144\315\117\134}{subsection.5.1}% 31
\BOOKMARK [3][-]{subsubsection.5.1.4}{\376\377\153\145\232\244\0004\377\032\220\000\121\372\174\373\176\337}{subsection.5.1}% 32
\BOOKMARK [1][-]{section.6}{\376\377\162\266\140\001\126\376\377\010\000U\000M\000L\377\011}{}% 33
\BOOKMARK [2][-]{subsection.6.1}{\376\377\150\070\137\303\162\266\140\001\116\016\217\154\143\142}{section.6}% 34
\BOOKMARK [3][-]{subsubsection.6.1.1}{\376\377\377\010\0001\377\011\147\052\166\173\137\125\377\010\122\035\131\313\162\266\140\001\377\011}{subsection.6.1}% 35
\BOOKMARK [3][-]{subsubsection.6.1.2}{\376\377\377\010\0002\377\011\135\362\166\173\137\125\377\010\150\070\137\303\162\266\140\001\377\011}{subsection.6.1}% 36
\BOOKMARK [3][-]{subsubsection.6.1.3}{\376\377\377\010\0003\377\011\220\000\121\372\174\373\176\337\377\010\176\310\153\142\162\266\140\001\377\011}{subsection.6.1}% 37
\BOOKMARK [2][-]{subsection.6.2}{\376\377\162\266\140\001\217\154\143\142\166\204\211\346\123\321\116\213\116\366}{section.6}% 38
\BOOKMARK [1][-]{section.7}{\376\377\136\372\152\041\140\073\176\323}{}% 39
\BOOKMARK [2][-]{subsection.7.1}{\376\377\136\372\152\041\142\020\147\234}{section.7}% 40
\BOOKMARK [2][-]{subsection.7.2}{\376\377\213\276\213\241\232\214\213\301}{section.7}% 41
\BOOKMARK [2][-]{subsection.7.3}{\376\377\143\007\133\374\141\017\116\111}{section.7}% 42
