\BOOKMARK [1][-]{section.1}{\376\377\230\171\166\356\151\202\217\360}{}% 1
\BOOKMARK [2][-]{subsection.1.1}{\376\377\116\247\124\301\200\314\146\157}{section.1}% 2
\BOOKMARK [2][-]{subsection.1.2}{\376\377\116\247\124\301\166\356\150\007}{section.1}% 3
\BOOKMARK [1][-]{section.2}{\376\377\227\000\154\102\122\006\147\220\226\066\153\265}{}% 4
\BOOKMARK [2][-]{subsection.2.1}{\376\377\165\050\142\067\122\006\147\220}{section.2}% 5
\BOOKMARK [3][-]{subsubsection.2.1.1}{\376\377\166\356\150\007\165\050\142\067\177\244\117\123}{subsection.2.1}% 6
\BOOKMARK [3][-]{subsubsection.2.1.2}{\376\377\165\050\142\067\165\333\160\271}{subsection.2.1}% 7
\BOOKMARK [2][-]{subsection.2.2}{\376\377\122\237\200\375\227\000\154\102}{section.2}% 8
\BOOKMARK [3][-]{subsubsection.2.2.1}{\376\377\150\070\137\303\122\237\200\375}{subsection.2.2}% 9
\BOOKMARK [3][-]{subsubsection.2.2.2}{\376\377\142\151\134\125\122\237\200\375}{subsection.2.2}% 10
\BOOKMARK [2][-]{subsection.2.3}{\376\377\227\136\122\237\200\375\227\000\154\102}{section.2}% 11
\BOOKMARK [3][-]{subsubsection.2.3.1}{\376\377\140\047\200\375\227\000\154\102}{subsection.2.3}% 12
\BOOKMARK [3][-]{subsubsection.2.3.2}{\376\377\133\211\121\150\140\047\227\000\154\102}{subsection.2.3}% 13
\BOOKMARK [3][-]{subsubsection.2.3.3}{\376\377\121\174\133\271\140\047\227\000\154\102}{subsection.2.3}% 14
\BOOKMARK [3][-]{subsubsection.2.3.4}{\376\377\146\023\165\050\140\047\227\000\154\102}{subsection.2.3}% 15
\BOOKMARK [1][-]{section.3}{\376\377\213\276\213\241\226\066\153\265}{}% 16
\BOOKMARK [2][-]{subsection.3.1}{\376\377\174\373\176\337\213\276\213\241\145\207\150\143}{section.3}% 17
\BOOKMARK [3][-]{subsubsection.3.1.1}{\376\377\147\266\147\204\126\376}{subsection.3.1}% 18
\BOOKMARK [3][-]{subsubsection.3.1.2}{\376\377\142\200\147\057\220\011\127\213}{subsection.3.1}% 19
\BOOKMARK [2][-]{subsection.3.2}{\376\377\213\346\176\306\213\276\213\241\145\207\150\143}{section.3}% 20
\BOOKMARK [3][-]{subsubsection.3.2.1}{\376\377\174\173\126\376\377\010\000U\000M\000L\377\011}{subsection.3.2}% 21
\BOOKMARK [3][-]{subsubsection.3.2.2}{\376\377\230\172\136\217\126\376\377\010\000U\000M\000L\377\011}{subsection.3.2}% 22
\BOOKMARK [3][-]{subsubsection.3.2.3}{\376\377\165\050\117\213\126\376\377\010\000U\000M\000L\377\011}{subsection.3.2}% 23
\BOOKMARK [3][-]{subsubsection.3.2.4}{\376\377\155\073\122\250\126\376\377\010\000U\000M\000L\377\011}{subsection.3.2}% 24
\BOOKMARK [3][-]{subsubsection.3.2.5}{\376\377\162\266\140\001\126\376\377\010\000U\000M\000L\377\011}{subsection.3.2}% 25
\BOOKMARK [2][-]{subsection.3.3}{\376\377\145\160\143\156\136\223\213\276\213\241}{section.3}% 26
\BOOKMARK [2][-]{subsection.3.4}{\376\377\143\245\123\343\213\276\213\241\377\010\000A\000P\000I\145\207\150\143\377\011}{section.3}% 27
\BOOKMARK [1][-]{section.4}{\376\377\137\000\123\321\226\066\153\265}{}% 28
\BOOKMARK [2][-]{subsection.4.1}{\376\377\116\272\124\130\122\006\135\345}{section.4}% 29
\BOOKMARK [2][-]{subsection.4.2}{\376\377\137\000\123\321\200\005\143\007\123\127}{section.4}% 30
\BOOKMARK [3][-]{subsubsection.4.2.1}{\376\377\163\257\130\203\221\115\177\156}{subsection.4.2}% 31
\BOOKMARK [3][-]{subsubsection.4.2.2}{\376\377\147\204\136\372\153\145\232\244}{subsection.4.2}% 32
\BOOKMARK [3][-]{subsubsection.4.2.3}{\376\377\122\115\172\357\133\236\163\260}{subsection.4.2}% 33
\BOOKMARK [3][-]{subsubsection.4.2.4}{\376\377\124\016\172\357\133\236\163\260}{subsection.4.2}% 34
\BOOKMARK [3][-]{subsubsection.4.2.5}{\376\377\145\160\143\156\136\223\133\236\163\260}{subsection.4.2}% 35
\BOOKMARK [1][-]{section.5}{\376\377\155\113\213\325\226\066\153\265}{}% 36
\BOOKMARK [2][-]{subsection.5.1}{\376\377\155\113\213\325\213\241\122\022\377\010\145\117\143\167\217\355\116\343\155\113\213\325\377\011}{section.5}% 37
\BOOKMARK [3][-]{subsubsection.5.1.1}{\376\377\155\113\213\325\203\003\126\364}{subsection.5.1}% 38
\BOOKMARK [3][-]{subsubsection.5.1.2}{\376\377\155\113\213\325\173\126\165\145}{subsection.5.1}% 39
\BOOKMARK [2][-]{subsection.5.2}{\376\377\155\113\213\325\145\207\150\143\142\245\124\112}{section.5}% 40
\BOOKMARK [2][-]{subsection.5.3}{\376\377\155\113\213\325\232\214\213\301}{section.5}% 41
\BOOKMARK [3][-]{subsubsection.5.3.1}{\376\377\166\173\137\125\155\113\213\325}{subsection.5.3}% 42
\BOOKMARK [3][-]{subsubsection.5.3.2}{\376\377\000A\000P\000I\155\113\213\325}{subsection.5.3}% 43
\BOOKMARK [3][-]{subsubsection.5.3.3}{\376\377\165\050\142\067\145\160\143\156\226\224\171\273\155\113\213\325}{subsection.5.3}% 44
\BOOKMARK [1][-]{section.6}{\376\377\220\350\177\162\116\016\176\364\142\244\226\066\153\265}{}% 45
\BOOKMARK [2][-]{subsection.6.1}{\376\377\220\350\177\162\155\101\172\013}{section.6}% 46
\BOOKMARK [2][-]{subsection.6.2}{\376\377\176\364\142\244\173\126\165\145}{section.6}% 47
\BOOKMARK [2][-]{subsection.6.3}{\376\377\136\070\211\301\225\356\230\230\211\343\121\263}{section.6}% 48
\BOOKMARK [3][-]{subsubsection.6.3.1}{\376\377\225\356\230\230\0001\377\032\145\160\143\156\136\223\217\336\143\245\131\061\215\045}{subsection.6.3}% 49
\BOOKMARK [3][-]{subsubsection.6.3.2}{\376\377\225\356\230\230\0002\377\032\152\041\127\127\133\374\121\145\131\061\215\045}{subsection.6.3}% 50
\BOOKMARK [3][-]{subsubsection.6.3.3}{\376\377\225\356\230\230\0003\377\032\145\160\143\156\136\223\221\315\177\156}{subsection.6.3}% 51
\BOOKMARK [1][-]{section.7}{\376\377\230\171\166\356\140\073\176\323}{}% 52
\BOOKMARK [2][-]{subsection.7.1}{\376\377\230\171\166\356\142\020\147\234}{section.7}% 53
\BOOKMARK [2][-]{subsection.7.2}{\376\377\142\200\147\057\145\066\203\267}{section.7}% 54
\BOOKMARK [2][-]{subsection.7.3}{\376\377\230\171\166\356\145\071\217\333\136\372\213\256}{section.7}% 55
\BOOKMARK [1][-]{section.8}{\376\377\226\104\137\125\123\302\200\003\215\104\145\231}{}% 56
\BOOKMARK [1][-]{section.9}{\376\377\226\104\137\125\116\343\170\001\156\005\123\125}{}% 57
