\BOOKMARK [1][-]{section.1}{\376\377\230\171\166\356\166\356\150\007\116\016\141\077\146\157}{}% 1
\BOOKMARK [2][-]{subsection.1.1}{\376\377\230\171\166\356\141\077\146\157}{section.1}% 2
\BOOKMARK [2][-]{subsection.1.2}{\376\377\230\171\166\356\166\356\150\007}{section.1}% 3
\BOOKMARK [1][-]{section.2}{\376\377\165\050\142\067\177\244\117\123\122\006\147\220}{}% 4
\BOOKMARK [2][-]{subsection.2.1}{\376\377\150\070\137\303\165\050\142\067\177\244\117\123}{section.2}% 5
\BOOKMARK [2][-]{subsection.2.2}{\376\377\153\041\211\201\165\050\142\067\177\244\117\123}{section.2}% 6
\BOOKMARK [1][-]{section.3}{\376\377\165\050\142\067\227\000\154\102\122\006\147\220}{}% 7
\BOOKMARK [2][-]{subsection.3.1}{\376\377\165\050\142\067\165\333\160\271\213\306\122\053}{section.3}% 8
\BOOKMARK [3][-]{subsubsection.3.1.1}{\376\377\137\123\122\115\225\356\230\230\122\006\147\220}{subsection.3.1}% 9
\BOOKMARK [2][-]{subsection.3.2}{\376\377\227\000\154\102\117\030\121\110\176\247\122\006\147\220}{section.3}% 10
\BOOKMARK [3][-]{subsubsection.3.2.1}{\376\377\000M\000o\000S\000C\000o\000W\122\006\147\220\154\325}{subsection.3.2}% 11
\BOOKMARK [1][-]{section.4}{\376\377\122\237\200\375\140\047\227\000\154\102}{}% 12
\BOOKMARK [2][-]{subsection.4.1}{\376\377\150\070\137\303\122\237\200\375\152\041\127\127}{section.4}% 13
\BOOKMARK [3][-]{subsubsection.4.1.1}{\376\377\165\050\142\067\173\241\164\006\152\041\127\127}{subsection.4.1}% 14
\BOOKMARK [3][-]{subsubsection.4.1.2}{\376\377\142\113\215\046\173\241\164\006\152\041\127\127}{subsection.4.1}% 15
\BOOKMARK [3][-]{subsubsection.4.1.3}{\376\377\116\373\122\241\173\241\164\006\152\041\127\127}{subsection.4.1}% 16
\BOOKMARK [3][-]{subsubsection.4.1.4}{\376\377\215\042\122\241\173\241\164\006\152\041\127\127}{subsection.4.1}% 17
\BOOKMARK [2][-]{subsection.4.2}{\376\377\142\151\134\125\122\237\200\375\152\041\127\127}{section.4}% 18
\BOOKMARK [3][-]{subsubsection.4.2.1}{\376\377\134\017\176\304\123\117\117\134\152\041\127\127}{subsection.4.2}% 19
\BOOKMARK [3][-]{subsubsection.4.2.2}{\376\377\171\076\123\072\122\006\116\253\152\041\127\127\377\010\124\016\176\355\213\241\122\022\377\011}{subsection.4.2}% 20
\BOOKMARK [3][-]{subsubsection.4.2.3}{\376\377\165\152\203\004\224\237\152\041\127\127\377\010\124\016\176\355\213\241\122\022\377\011}{subsection.4.2}% 21
\BOOKMARK [1][-]{section.5}{\376\377\227\136\122\237\200\375\140\047\227\000\154\102}{}% 22
\BOOKMARK [2][-]{subsection.5.1}{\376\377\140\047\200\375\227\000\154\102}{section.5}% 23
\BOOKMARK [3][-]{subsubsection.5.1.1}{\376\377\124\315\136\224\145\366\225\364\211\201\154\102}{subsection.5.1}% 24
\BOOKMARK [3][-]{subsubsection.5.1.2}{\376\377\136\166\123\321\140\047\200\375\211\201\154\102}{subsection.5.1}% 25
\BOOKMARK [3][-]{subsubsection.5.1.3}{\376\377\124\036\124\020\221\317\211\201\154\102}{subsection.5.1}% 26
\BOOKMARK [2][-]{subsection.5.2}{\376\377\123\357\227\140\140\047\227\000\154\102}{section.5}% 27
\BOOKMARK [3][-]{subsubsection.5.2.1}{\376\377\145\160\143\156\131\007\116\375}{subsection.5.2}% 28
\BOOKMARK [2][-]{subsection.5.3}{\376\377\133\211\121\150\140\047\227\000\154\102}{section.5}% 29
\BOOKMARK [3][-]{subsubsection.5.3.1}{\376\377\216\253\116\375\213\244\213\301}{subsection.5.3}% 30
\BOOKMARK [3][-]{subsubsection.5.3.2}{\376\377\145\160\143\156\117\335\142\244\377\010\124\016\176\355\213\241\122\022\377\011}{subsection.5.3}% 31
\BOOKMARK [3][-]{subsubsection.5.3.3}{\376\377\226\220\171\301\117\335\142\244}{subsection.5.3}% 32
\BOOKMARK [2][-]{subsection.5.4}{\376\377\123\357\165\050\140\047\227\000\154\102}{section.5}% 33
\BOOKMARK [3][-]{subsubsection.5.4.1}{\376\377\165\050\142\067\165\114\227\142}{subsection.5.4}% 34
\BOOKMARK [3][-]{subsubsection.5.4.2}{\376\377\123\357\213\277\225\356\140\047}{subsection.5.4}% 35
\BOOKMARK [3][-]{subsubsection.5.4.3}{\376\377\126\375\226\105\123\026\145\057\143\001}{subsection.5.4}% 36
\BOOKMARK [2][-]{subsection.5.5}{\376\377\123\357\176\364\142\244\140\047\227\000\154\102}{section.5}% 37
\BOOKMARK [3][-]{subsubsection.5.5.1}{\376\377\116\343\170\001\215\050\221\317}{subsection.5.5}% 38
\BOOKMARK [3][-]{subsubsection.5.5.2}{\376\377\155\113\213\325\211\201\154\102}{subsection.5.5}% 39
\BOOKMARK [3][-]{subsubsection.5.5.3}{\376\377\217\320\176\364\145\057\143\001}{subsection.5.5}% 40
\BOOKMARK [1][-]{section.6}{\376\377\174\373\176\337\176\246\147\137\147\141\116\366}{}% 41
\BOOKMARK [2][-]{subsection.6.1}{\376\377\142\200\147\057\176\246\147\137}{section.6}% 42
\BOOKMARK [3][-]{subsubsection.6.1.1}{\376\377\137\000\123\321\163\257\130\203\176\246\147\137}{subsection.6.1}% 43
\BOOKMARK [3][-]{subsubsection.6.1.2}{\376\377\220\350\177\162\163\257\130\203\176\246\147\137}{subsection.6.1}% 44
\BOOKMARK [2][-]{subsection.6.2}{\376\377\116\032\122\241\176\246\147\137}{section.6}% 45
\BOOKMARK [3][-]{subsubsection.6.2.1}{\376\377\122\237\200\375\203\003\126\364\176\246\147\137}{subsection.6.2}% 46
\BOOKMARK [3][-]{subsubsection.6.2.2}{\376\377\124\010\211\304\176\246\147\137}{subsection.6.2}% 47
\BOOKMARK [1][-]{section.7}{\376\377\140\073\176\323}{}% 48
\BOOKMARK [2][-]{subsection.7.1}{\376\377\227\000\154\102\122\006\147\220\151\202\211\201}{section.7}% 49
\BOOKMARK [2][-]{subsection.7.2}{\376\377\150\070\137\303\116\367\120\074\133\232\117\115}{section.7}% 50
\BOOKMARK [2][-]{subsection.7.3}{\376\377\121\163\225\056\142\020\122\237\211\201\175\040}{section.7}% 51
\BOOKMARK [2][-]{subsection.7.4}{\376\377\124\016\176\355\135\345\117\134\145\271\124\021}{section.7}% 52
