\BOOKMARK [1][-]{section.1}{\376\377\126\342\226\037\142\020\124\130\123\312\122\006\135\345}{}% 1
\BOOKMARK [2][-]{subsection.1.1}{\376\377\126\342\226\037\176\304\142\020}{section.1}% 2
\BOOKMARK [2][-]{subsection.1.2}{\376\377\142\020\124\130\200\114\215\043\122\006\135\345}{section.1}% 3
\BOOKMARK [1][-]{section.2}{\376\377\124\004\226\066\153\265\135\345\117\134\122\006\221\115\123\312\142\020\124\130\215\041\163\056}{}% 4
\BOOKMARK [2][-]{subsection.2.1}{\376\377\173\054\116\000\153\041\117\032\213\256\226\066\153\265\377\010\0004\147\010\0001\145\345\377\011}{section.2}% 5
\BOOKMARK [3][-]{subsubsection.2.1.1}{\376\377\135\345\117\134\122\006\221\115}{subsection.2.1}% 6
\BOOKMARK [3][-]{subsubsection.2.1.2}{\376\377\142\020\124\130\215\041\163\056}{subsection.2.1}% 7
\BOOKMARK [2][-]{subsection.2.2}{\376\377\173\054\116\214\153\041\117\032\213\256\226\066\153\265\377\010\0004\147\010\0002\0007\145\345\377\011}{section.2}% 8
\BOOKMARK [3][-]{subsubsection.2.2.1}{\376\377\135\345\117\134\122\006\221\115}{subsection.2.2}% 9
\BOOKMARK [3][-]{subsubsection.2.2.2}{\376\377\142\020\124\130\215\041\163\056}{subsection.2.2}% 10
\BOOKMARK [2][-]{subsection.2.3}{\376\377\173\054\116\011\153\041\117\032\213\256\226\066\153\265\377\010\0005\147\010\0001\0004\145\345\377\011}{section.2}% 11
\BOOKMARK [3][-]{subsubsection.2.3.1}{\376\377\135\345\117\134\122\006\221\115}{subsection.2.3}% 12
\BOOKMARK [3][-]{subsubsection.2.3.2}{\376\377\142\020\124\130\215\041\163\056}{subsection.2.3}% 13
\BOOKMARK [2][-]{subsection.2.4}{\376\377\173\054\126\333\153\041\117\032\213\256\226\066\153\265\377\010\0006\147\010\0004\145\345\377\011}{section.2}% 14
\BOOKMARK [3][-]{subsubsection.2.4.1}{\376\377\135\345\117\134\122\006\221\115}{subsection.2.4}% 15
\BOOKMARK [3][-]{subsubsection.2.4.2}{\376\377\142\020\124\130\215\041\163\056}{subsection.2.4}% 16
\BOOKMARK [1][-]{section.3}{\376\377\142\200\147\057\147\266\147\204\116\016\133\236\163\260\145\271\150\110}{}% 17
\BOOKMARK [2][-]{subsection.3.1}{\376\377\174\373\176\337\147\266\147\204\213\276\213\241}{section.3}% 18
\BOOKMARK [2][-]{subsection.3.2}{\376\377\150\070\137\303\122\237\200\375\152\041\127\127}{section.3}% 19
\BOOKMARK [2][-]{subsection.3.3}{\376\377\137\000\123\321\135\345\121\167\116\016\123\117\117\134\155\101\172\013}{section.3}% 20
\BOOKMARK [1][-]{section.4}{\376\377\230\171\166\356\173\241\164\006\116\016\215\050\221\317\117\335\226\234}{}% 21
\BOOKMARK [2][-]{subsection.4.1}{\376\377\230\171\166\356\173\241\164\006\145\271\154\325}{section.4}% 22
\BOOKMARK [2][-]{subsection.4.2}{\376\377\215\050\221\317\117\335\226\234\117\123\174\373}{section.4}% 23
\BOOKMARK [2][-]{subsection.4.3}{\376\377\225\356\230\230\211\343\121\263\147\072\122\066}{section.4}% 24
\BOOKMARK [1][-]{section.5}{\376\377\230\171\166\356\142\020\147\234\116\016\213\304\117\060}{}% 25
\BOOKMARK [2][-]{subsection.5.1}{\376\377\122\237\200\375\133\236\163\260\140\305\121\265}{section.5}% 26
\BOOKMARK [2][-]{subsection.5.2}{\376\377\142\200\147\057\143\007\150\007\217\276\142\020}{section.5}% 27
\BOOKMARK [2][-]{subsection.5.3}{\376\377\165\050\142\067\117\123\232\214\213\304\117\060}{section.5}% 28
\BOOKMARK [1][-]{section.6}{\376\377\176\317\232\214\140\073\176\323\116\016\123\315\140\035}{}% 29
\BOOKMARK [2][-]{subsection.6.1}{\376\377\142\020\122\237\176\317\232\214}{section.6}% 30
\BOOKMARK [2][-]{subsection.6.2}{\376\377\143\021\142\030\116\016\211\343\121\263}{section.6}% 31
\BOOKMARK [2][-]{subsection.6.3}{\376\377\145\071\217\333\145\271\124\021}{section.6}% 32
\BOOKMARK [1][-]{section.7}{\376\377\140\073\176\323}{}% 33
