\BOOKMARK [1][-]{section.1}{\376\377\135\345\172\013\123\026\151\202\217\360}{}% 1
\BOOKMARK [2][-]{subsection.1.1}{\376\377\135\345\172\013\123\026\166\204\116\367\120\074}{section.1}% 2
\BOOKMARK [2][-]{subsection.1.2}{\376\377\135\345\172\013\123\026\133\236\145\275\123\237\122\031}{section.1}% 3
\BOOKMARK [1][-]{section.2}{\376\377\000L\000i\000f\000e\000M\000a\000s\000t\000e\000r\135\345\172\013\123\026\133\236\215\365}{}% 4
\BOOKMARK [2][-]{subsection.2.1}{\376\377\230\171\166\356\173\241\164\006\135\345\172\013\123\026}{section.2}% 5
\BOOKMARK [3][-]{subsubsection.2.1.1}{\376\377\145\117\143\167\137\000\123\321\377\010\217\355\116\343\000/\117\032\213\256\124\150\147\037\377\011}{subsection.2.1}% 6
\BOOKMARK [2][-]{subsection.2.2}{\376\377\227\000\154\102\173\241\164\006\135\345\172\013\123\026}{section.2}% 7
\BOOKMARK [3][-]{subsubsection.2.2.1}{\376\377\213\346\176\306\227\000\154\102\122\006\147\220\145\207\150\143\177\026\121\231}{subsection.2.2}% 8
\BOOKMARK [2][-]{subsection.2.3}{\376\377\147\266\147\204\213\276\213\241\135\345\172\013\123\026}{section.2}% 9
\BOOKMARK [3][-]{subsubsection.2.3.1}{\376\377\122\115\124\016\172\357\122\006\171\273\116\011\134\102\147\266\147\204}{subsection.2.3}% 10
\BOOKMARK [2][-]{subsection.2.4}{\376\377\162\110\147\054\143\247\122\066\135\345\172\013\123\026}{section.2}% 11
\BOOKMARK [3][-]{subsubsection.2.4.1}{\376\377\000G\000i\000t\000\040\000+\000\040\000G\000i\000t\000H\000u\000b\162\110\147\054\143\247\122\066}{subsection.2.4}% 12
\BOOKMARK [2][-]{subsection.2.5}{\376\377\116\373\122\241\122\006\135\345\135\345\172\013\123\026}{section.2}% 13
\BOOKMARK [3][-]{subsubsection.2.5.1}{\376\377\143\011\152\041\127\127\122\006\221\115\215\043\116\373\116\272}{subsection.2.5}% 14
\BOOKMARK [2][-]{subsection.2.6}{\376\377\137\000\123\321\150\007\121\306\135\345\172\013\123\026}{section.2}% 15
\BOOKMARK [3][-]{subsubsection.2.6.1}{\376\377\213\355\116\111\123\026\000H\000T\000M\000L\377\014\152\041\127\127\123\026\150\106\147\266\000F\000l\000a\000s\000k}{subsection.2.6}% 16
\BOOKMARK [2][-]{subsection.2.7}{\376\377\116\343\170\001\131\015\165\050\116\016\134\001\210\305\135\345\172\013\123\026}{section.2}% 17
\BOOKMARK [3][-]{subsubsection.2.7.1}{\376\377\152\041\127\127\123\026\134\001\210\305\121\375\145\160\116\016\174\173}{subsection.2.7}% 18
\BOOKMARK [2][-]{subsection.2.8}{\376\377\201\352\122\250\155\113\213\325\116\016\232\214\213\301\135\345\172\013\123\026}{section.2}% 19
\BOOKMARK [3][-]{subsubsection.2.8.1}{\376\377\123\125\121\103\155\113\213\325\000+\226\306\142\020\155\113\213\325\000+\121\222\160\337\155\113\213\325}{subsection.2.8}% 20
\BOOKMARK [2][-]{subsection.2.9}{\376\377\143\245\123\343\213\276\213\241\135\345\172\013\123\026}{section.2}% 21
\BOOKMARK [3][-]{subsubsection.2.9.1}{\376\377\143\320\117\233\127\050\176\277\000A\000P\000I\145\207\150\143}{subsection.2.9}% 22
\BOOKMARK [2][-]{subsection.2.10}{\376\377\123\117\117\134\135\345\121\167\135\345\172\013\123\026}{section.2}% 23
\BOOKMARK [3][-]{subsubsection.2.10.1}{\376\377\000G\000i\000t\000H\000u\000b\000\040\000+\000\040\201\176\213\257\117\032\213\256\123\117\117\134\147\072\122\066}{subsection.2.10}% 24
\BOOKMARK [1][-]{section.3}{\376\377\135\345\172\013\123\026\145\110\147\234\213\304\117\060}{}% 25
\BOOKMARK [2][-]{subsection.3.1}{\376\377\137\000\123\321\145\110\163\207\143\320\123\107}{section.3}% 26
\BOOKMARK [2][-]{subsection.3.2}{\376\377\215\050\221\317\117\335\226\234\145\110\147\234}{section.3}% 27
\BOOKMARK [2][-]{subsection.3.3}{\376\377\126\342\226\037\200\375\122\233\143\320\123\107}{section.3}% 28
\BOOKMARK [1][-]{section.4}{\376\377\135\345\172\013\123\026\176\317\232\214\140\073\176\323}{}% 29
\BOOKMARK [2][-]{subsection.4.1}{\376\377\142\020\122\237\176\317\232\214}{section.4}% 30
\BOOKMARK [2][-]{subsection.4.2}{\376\377\145\071\217\333\172\172\225\364}{section.4}% 31
\BOOKMARK [2][-]{subsection.4.3}{\376\377\147\000\117\163\133\236\215\365\136\372\213\256}{section.4}% 32
\BOOKMARK [1][-]{section.5}{\376\377\140\073\176\323\116\016\134\125\147\033}{}% 33
\BOOKMARK [2][-]{subsection.5.1}{\376\377\135\345\172\013\123\026\142\020\147\234}{section.5}% 34
\BOOKMARK [2][-]{subsection.5.2}{\376\377\176\317\232\214\116\367\120\074}{section.5}% 35
\BOOKMARK [2][-]{subsection.5.3}{\376\377\147\052\147\145\134\125\147\033}{section.5}% 36
